xrun(64): 22.09-s003: (c) Copyright 1995-2022 Cadence Design Systems, Inc.
TOOL:	xrun(64)	22.09-s003: Started on Apr 11, 2026 at 22:08:11 IST
xrun
	-sv
	mem.sv
	mem_tb.sv
	-gui
	-access +rwc
	-timescale 1ns/1ps
		Caching library 'worklib' ....... Done
	Elaborating the design hierarchy:
	Top level design units:
		$unit_0x45413404
		top
xmelab: *W,DSEMEL: This SystemVerilog design will be simulated as per IEEE 1800-2009 SystemVerilog simulation semantics. Use -disable_sem2009 option for turning off SV 2009 simulation semantics.
	Building instance overlay tables: .................... Done
	Generating native compiled code:
		worklib.memory:sv <0x3b13565e>
			streams:   1, words:  1295
		worklib.top:sv <0x19f593db>
			streams: 115, words: 83860
	Building instance specific data structures.
	Loading native compiled code:     .................... Done
	Design hierarchy summary:
		                     Instances  Unique
		Modules:                     2       2
		Interfaces:                  1       1
		Registers:                  59      78
		Scalar wires:                6       -
		Vectored wires:              4       -
		Always blocks:               1       1
		Initial blocks:              8       8
		Clocking blocks:             2       2
		Clocking items:             12      12
		Parallel blocks:             2       2
		Pseudo assignments:          8       8
		Covergroup Instances:        0       1
		Compilation units:           1       1
		SV Class declarations:       9       9
		SV Class specializations:    9       9
		Simulation timescale:      1ps
	Writing initial simulation snapshot: worklib.top:sv
xmsim: *W,NOMTDGUI: Multi-Threaded Dumping is disabled for interactive debug mode.
SVSEED default: 1
xmsim: *W,DSEM2009: This SystemVerilog design is simulated as per IEEE 1800-2009 SystemVerilog simulation semantics. Use -disable_sem2009 option for turning off SV 2009 simulation semantics.

-------------------------------------
Relinquished control to SimVision...
xcelium> 
xcelium> source /home/install/XCELIUM2209/tools/xcelium/files/xmsimrc
xcelium> database -open waves -into waves.shm -default
Created default SHM database waves
xcelium> probe -create -shm top.pif.addr_i top.pif.clk_i top.pif.rdata_o top.pif.ready_o top.pif.rst_i top.pif.valid_i top.pif.wdata_i top.pif.wr_rd_i
Created probe 1
xcelium> run
stop -create -name Randomize -randomize
Created stop Randomize

addr = 15,wdata = 33869
addr = 15,rdata = 33869
addr = 14,wdata = 58076
addr = 14,rdata = 58076
addr = 9,wdata = 8096
addr = 9,rdata = 8096
num_matches = 3
num_mismatches = 0
bfm_count = 6
mon_count = 6
Simulation complete via $finish(1) at time 1225 NS + 0
./mem_tb.sv:350 		$finish;
xcelium> ^C
xcelium> exit
...Regained control from SimVision
-------------------------------------
TOOL:	xrun(64)	22.09-s003: Exiting on Apr 11, 2026 at 22:19:27 IST  (total: 00:11:16)
